<?xml version="1.0" encoding="UTF-8"?>
<coverage generated="1768198212083" clover="3.2.0">
  <project timestamp="1768198212083" name="All files">
    <metrics statements="64" coveredstatements="59" conditionals="35" coveredconditionals="22" methods="19" coveredmethods="19" elements="118" coveredelements="100" complexity="0" loc="64" ncloc="64" packages="1" files="1" classes="1"/>
    <file name="form-listener.js" path="/home/hutech/Documents/docupolicy/step2-realtime-validation/modules/form-listener.js">
      <metrics statements="64" coveredstatements="59" conditionals="35" coveredconditionals="22" methods="19" coveredmethods="19"/>
      <line num="23" count="25" type="stmt"/>
      <line num="24" count="25" type="stmt"/>
      <line num="25" count="25" type="stmt"/>
      <line num="26" count="25" type="stmt"/>
      <line num="27" count="25" type="stmt"/>
      <line num="28" count="25" type="stmt"/>
      <line num="36" count="13" type="cond" truecount="2" falsecount="0"/>
      <line num="37" count="1" type="stmt"/>
      <line num="39" count="12" type="stmt"/>
      <line num="47" count="20" type="cond" truecount="1" falsecount="1"/>
      <line num="48" count="0" type="stmt"/>
      <line num="52" count="20" type="stmt"/>
      <line num="56" count="20" type="stmt"/>
      <line num="64" count="20" type="stmt"/>
      <line num="65" count="20" type="stmt"/>
      <line num="66" count="160" type="cond" truecount="1" falsecount="3"/>
      <line num="67" count="160" type="stmt"/>
      <line num="69" count="20" type="stmt"/>
      <line num="77" count="184" type="stmt"/>
      <line num="91" count="25" type="stmt"/>
      <line num="92" count="18" type="cond" truecount="1" falsecount="3"/>
      <line num="93" count="18" type="stmt"/>
      <line num="94" count="18" type="stmt"/>
      <line num="97" count="18" type="stmt"/>
      <line num="98" count="21" type="stmt"/>
      <line num="99" count="21" type="stmt"/>
      <line num="101" count="1" type="stmt"/>
      <line num="111" count="22" type="stmt"/>
      <line num="113" count="22" type="stmt"/>
      <line num="115" count="22" type="cond" truecount="2" falsecount="0"/>
      <line num="116" count="2" type="stmt"/>
      <line num="117" count="2" type="stmt"/>
      <line num="121" count="20" type="stmt"/>
      <line num="123" count="20" type="cond" truecount="1" falsecount="1"/>
      <line num="124" count="0" type="stmt"/>
      <line num="125" count="0" type="stmt"/>
      <line num="129" count="20" type="stmt"/>
      <line num="130" count="20" type="stmt"/>
      <line num="131" count="20" type="stmt"/>
      <line num="134" count="20" type="stmt"/>
      <line num="135" count="160" type="stmt"/>
      <line num="138" count="20" type="stmt"/>
      <line num="139" count="20" type="stmt"/>
      <line num="140" count="20" type="stmt"/>
      <line num="142" count="0" type="stmt"/>
      <line num="143" count="0" type="stmt"/>
      <line num="151" count="1" type="cond" truecount="1" falsecount="1"/>
      <line num="153" count="1" type="stmt"/>
      <line num="155" count="8" type="stmt"/>
      <line num="156" count="8" type="stmt"/>
      <line num="159" count="1" type="stmt"/>
      <line num="160" count="1" type="stmt"/>
      <line num="168" count="1" type="stmt"/>
      <line num="176" count="2" type="stmt"/>
      <line num="185" count="2" type="cond" truecount="4" falsecount="0"/>
      <line num="186" count="1" type="stmt"/>
      <line num="189" count="1" type="stmt"/>
      <line num="190" count="1" type="stmt"/>
      <line num="193" count="1" type="stmt"/>
      <line num="194" count="1" type="stmt"/>
      <line num="201" count="1" type="stmt"/>
      <line num="202" count="8" type="stmt"/>
      <line num="208" count="1" type="cond" truecount="3" falsecount="1"/>
      <line num="209" count="1" type="stmt"/>
    </file>
  </project>
</coverage>
