{"/home/hutech/Documents/docupolicy/step2-realtime-validation/modules/form-listener.js": {"path":"/home/hutech/Documents/docupolicy/step2-realtime-validation/modules/form-listener.js","statementMap":{"0":{"start":{"line":23,"column":4},"end":{"line":23,"column":37}},"1":{"start":{"line":24,"column":4},"end":{"line":24,"column":49}},"2":{"start":{"line":25,"column":4},"end":{"line":25,"column":28}},"3":{"start":{"line":26,"column":4},"end":{"line":26,"column":21}},"4":{"start":{"line":27,"column":4},"end":{"line":27,"column":24}},"5":{"start":{"line":28,"column":4},"end":{"line":28,"column":28}},"6":{"start":{"line":36,"column":4},"end":{"line":38,"column":5}},"7":{"start":{"line":37,"column":6},"end":{"line":37,"column":53}},"8":{"start":{"line":39,"column":4},"end":{"line":39,"column":34}},"9":{"start":{"line":47,"column":4},"end":{"line":49,"column":5}},"10":{"start":{"line":48,"column":6},"end":{"line":48,"column":16}},"11":{"start":{"line":52,"column":19},"end":{"line":54,"column":5}},"12":{"start":{"line":56,"column":4},"end":{"line":56,"column":18}},"13":{"start":{"line":64,"column":19},"end":{"line":64,"column":21}},"14":{"start":{"line":65,"column":4},"end":{"line":68,"column":7}},"15":{"start":{"line":66,"column":19},"end":{"line":66,"column":135}},"16":{"start":{"line":67,"column":6},"end":{"line":67,"column":33}},"17":{"start":{"line":69,"column":4},"end":{"line":69,"column":18}},"18":{"start":{"line":77,"column":4},"end":{"line":83,"column":8}},"19":{"start":{"line":77,"column":46},"end":{"line":83,"column":5}},"20":{"start":{"line":91,"column":21},"end":{"line":104,"column":3}},"21":{"start":{"line":92,"column":22},"end":{"line":92,"column":142}},"22":{"start":{"line":93,"column":18},"end":{"line":93,"column":29}},"23":{"start":{"line":94,"column":22},"end":{"line":94,"column":43}},"24":{"start":{"line":97,"column":4},"end":{"line":103,"column":7}},"25":{"start":{"line":98,"column":6},"end":{"line":102,"column":7}},"26":{"start":{"line":99,"column":8},"end":{"line":99,"column":53}},"27":{"start":{"line":101,"column":8},"end":{"line":101,"column":71}},"28":{"start":{"line":111,"column":4},"end":{"line":144,"column":5}},"29":{"start":{"line":113,"column":6},"end":{"line":113,"column":67}},"30":{"start":{"line":115,"column":6},"end":{"line":118,"column":7}},"31":{"start":{"line":116,"column":8},"end":{"line":116,"column":79}},"32":{"start":{"line":117,"column":8},"end":{"line":117,"column":21}},"33":{"start":{"line":121,"column":6},"end":{"line":121,"column":43}},"34":{"start":{"line":123,"column":6},"end":{"line":126,"column":7}},"35":{"start":{"line":124,"column":8},"end":{"line":124,"column":72}},"36":{"start":{"line":125,"column":8},"end":{"line":125,"column":21}},"37":{"start":{"line":129,"column":6},"end":{"line":129,"column":116}},"38":{"start":{"line":130,"column":23},"end":{"line":130,"column":46}},"39":{"start":{"line":131,"column":6},"end":{"line":131,"column":52}},"40":{"start":{"line":134,"column":6},"end":{"line":136,"column":9}},"41":{"start":{"line":135,"column":8},"end":{"line":135,"column":88}},"42":{"start":{"line":135,"column":51},"end":{"line":135,"column":86}},"43":{"start":{"line":138,"column":6},"end":{"line":138,"column":29}},"44":{"start":{"line":139,"column":6},"end":{"line":139,"column":62}},"45":{"start":{"line":140,"column":6},"end":{"line":140,"column":18}},"46":{"start":{"line":142,"column":6},"end":{"line":142,"column":57}},"47":{"start":{"line":143,"column":6},"end":{"line":143,"column":19}},"48":{"start":{"line":151,"column":4},"end":{"line":151,"column":41}},"49":{"start":{"line":151,"column":34},"end":{"line":151,"column":41}},"50":{"start":{"line":153,"column":4},"end":{"line":157,"column":7}},"51":{"start":{"line":155,"column":23},"end":{"line":155,"column":44}},"52":{"start":{"line":156,"column":6},"end":{"line":156,"column":53}},"53":{"start":{"line":159,"column":4},"end":{"line":159,"column":28}},"54":{"start":{"line":160,"column":4},"end":{"line":160,"column":46}},"55":{"start":{"line":168,"column":4},"end":{"line":168,"column":27}},"56":{"start":{"line":176,"column":4},"end":{"line":176,"column":30}},"57":{"start":{"line":185,"column":4},"end":{"line":187,"column":5}},"58":{"start":{"line":186,"column":6},"end":{"line":186,"column":60}},"59":{"start":{"line":189,"column":18},"end":{"line":189,"column":41}},"60":{"start":{"line":190,"column":4},"end":{"line":190,"column":24}},"61":{"start":{"line":193,"column":18},"end":{"line":193,"column":55}},"62":{"start":{"line":194,"column":4},"end":{"line":194,"column":31}},"63":{"start":{"line":201,"column":4},"end":{"line":203,"column":7}},"64":{"start":{"line":202,"column":6},"end":{"line":202,"column":23}},"65":{"start":{"line":208,"column":0},"end":{"line":210,"column":1}},"66":{"start":{"line":209,"column":2},"end":{"line":209,"column":37}}},"fnMap":{"0":{"name":"(anonymous_0)","decl":{"start":{"line":22,"column":2},"end":{"line":22,"column":3}},"loc":{"start":{"line":22,"column":52},"end":{"line":29,"column":3}},"line":22},"1":{"name":"(anonymous_1)","decl":{"start":{"line":35,"column":2},"end":{"line":35,"column":3}},"loc":{"start":{"line":35,"column":26},"end":{"line":40,"column":3}},"line":35},"2":{"name":"(anonymous_2)","decl":{"start":{"line":46,"column":2},"end":{"line":46,"column":3}},"loc":{"start":{"line":46,"column":20},"end":{"line":57,"column":3}},"line":46},"3":{"name":"(anonymous_3)","decl":{"start":{"line":63,"column":2},"end":{"line":63,"column":3}},"loc":{"start":{"line":63,"column":19},"end":{"line":70,"column":3}},"line":63},"4":{"name":"(anonymous_4)","decl":{"start":{"line":65,"column":24},"end":{"line":65,"column":25}},"loc":{"start":{"line":65,"column":35},"end":{"line":68,"column":5}},"line":65},"5":{"name":"(anonymous_5)","decl":{"start":{"line":76,"column":2},"end":{"line":76,"column":3}},"loc":{"start":{"line":76,"column":21},"end":{"line":84,"column":3}},"line":76},"6":{"name":"(anonymous_6)","decl":{"start":{"line":77,"column":27},"end":{"line":77,"column":28}},"loc":{"start":{"line":77,"column":46},"end":{"line":83,"column":5}},"line":77},"7":{"name":"(anonymous_7)","decl":{"start":{"line":91,"column":21},"end":{"line":91,"column":22}},"loc":{"start":{"line":91,"column":39},"end":{"line":104,"column":3}},"line":91},"8":{"name":"(anonymous_8)","decl":{"start":{"line":97,"column":27},"end":{"line":97,"column":28}},"loc":{"start":{"line":97,"column":41},"end":{"line":103,"column":5}},"line":97},"9":{"name":"(anonymous_9)","decl":{"start":{"line":110,"column":2},"end":{"line":110,"column":3}},"loc":{"start":{"line":110,"column":11},"end":{"line":145,"column":3}},"line":110},"10":{"name":"(anonymous_10)","decl":{"start":{"line":134,"column":26},"end":{"line":134,"column":27}},"loc":{"start":{"line":134,"column":37},"end":{"line":136,"column":7}},"line":134},"11":{"name":"(anonymous_11)","decl":{"start":{"line":135,"column":40},"end":{"line":135,"column":41}},"loc":{"start":{"line":135,"column":51},"end":{"line":135,"column":86}},"line":135},"12":{"name":"(anonymous_12)","decl":{"start":{"line":150,"column":2},"end":{"line":150,"column":3}},"loc":{"start":{"line":150,"column":11},"end":{"line":161,"column":3}},"line":150},"13":{"name":"(anonymous_13)","decl":{"start":{"line":153,"column":24},"end":{"line":153,"column":25}},"loc":{"start":{"line":153,"column":35},"end":{"line":157,"column":5}},"line":153},"14":{"name":"(anonymous_14)","decl":{"start":{"line":167,"column":2},"end":{"line":167,"column":3}},"loc":{"start":{"line":167,"column":13},"end":{"line":169,"column":3}},"line":167},"15":{"name":"(anonymous_15)","decl":{"start":{"line":175,"column":2},"end":{"line":175,"column":3}},"loc":{"start":{"line":175,"column":18},"end":{"line":177,"column":3}},"line":175},"16":{"name":"(anonymous_16)","decl":{"start":{"line":184,"column":2},"end":{"line":184,"column":3}},"loc":{"start":{"line":184,"column":35},"end":{"line":195,"column":3}},"line":184},"17":{"name":"(anonymous_17)","decl":{"start":{"line":200,"column":2},"end":{"line":200,"column":3}},"loc":{"start":{"line":200,"column":16},"end":{"line":204,"column":3}},"line":200},"18":{"name":"(anonymous_18)","decl":{"start":{"line":201,"column":24},"end":{"line":201,"column":25}},"loc":{"start":{"line":201,"column":35},"end":{"line":203,"column":5}},"line":201}},"branchMap":{"0":{"loc":{"start":{"line":22,"column":28},"end":{"line":22,"column":50}},"type":"default-arg","locations":[{"start":{"line":22,"column":49},"end":{"line":22,"column":50}}],"line":22},"1":{"loc":{"start":{"line":36,"column":4},"end":{"line":38,"column":5}},"type":"if","locations":[{"start":{"line":36,"column":4},"end":{"line":38,"column":5}},{"start":{},"end":{}}],"line":36},"2":{"loc":{"start":{"line":47,"column":4},"end":{"line":49,"column":5}},"type":"if","locations":[{"start":{"line":47,"column":4},"end":{"line":49,"column":5}},{"start":{},"end":{}}],"line":47},"3":{"loc":{"start":{"line":66,"column":19},"end":{"line":66,"column":135}},"type":"binary-expr","locations":[{"start":{"line":66,"column":19},"end":{"line":66,"column":45}},{"start":{"line":66,"column":49},"end":{"line":66,"column":73}},{"start":{"line":66,"column":77},"end":{"line":66,"column":94}},{"start":{"line":66,"column":98},"end":{"line":66,"column":135}}],"line":66},"4":{"loc":{"start":{"line":79,"column":12},"end":{"line":79,"column":111}},"type":"binary-expr","locations":[{"start":{"line":79,"column":12},"end":{"line":79,"column":38}},{"start":{"line":79,"column":42},"end":{"line":79,"column":66}},{"start":{"line":79,"column":70},"end":{"line":79,"column":87}},{"start":{"line":79,"column":91},"end":{"line":79,"column":111}}],"line":79},"5":{"loc":{"start":{"line":80,"column":12},"end":{"line":80,"column":69}},"type":"binary-expr","locations":[{"start":{"line":80,"column":12},"end":{"line":80,"column":38}},{"start":{"line":80,"column":42},"end":{"line":80,"column":69}}],"line":80},"6":{"loc":{"start":{"line":81,"column":19},"end":{"line":81,"column":58}},"type":"binary-expr","locations":[{"start":{"line":81,"column":19},"end":{"line":81,"column":52}},{"start":{"line":81,"column":56},"end":{"line":81,"column":58}}],"line":81},"7":{"loc":{"start":{"line":92,"column":22},"end":{"line":92,"column":142}},"type":"binary-expr","locations":[{"start":{"line":92,"column":22},"end":{"line":92,"column":48}},{"start":{"line":92,"column":52},"end":{"line":92,"column":76}},{"start":{"line":92,"column":80},"end":{"line":92,"column":97}},{"start":{"line":92,"column":101},"end":{"line":92,"column":142}}],"line":92},"8":{"loc":{"start":{"line":115,"column":6},"end":{"line":118,"column":7}},"type":"if","locations":[{"start":{"line":115,"column":6},"end":{"line":118,"column":7}},{"start":{},"end":{}}],"line":115},"9":{"loc":{"start":{"line":123,"column":6},"end":{"line":126,"column":7}},"type":"if","locations":[{"start":{"line":123,"column":6},"end":{"line":126,"column":7}},{"start":{},"end":{}}],"line":123},"10":{"loc":{"start":{"line":151,"column":4},"end":{"line":151,"column":41}},"type":"if","locations":[{"start":{"line":151,"column":4},"end":{"line":151,"column":41}},{"start":{},"end":{}}],"line":151},"11":{"loc":{"start":{"line":185,"column":4},"end":{"line":187,"column":5}},"type":"if","locations":[{"start":{"line":185,"column":4},"end":{"line":187,"column":5}},{"start":{},"end":{}}],"line":185},"12":{"loc":{"start":{"line":185,"column":8},"end":{"line":185,"column":58}},"type":"binary-expr","locations":[{"start":{"line":185,"column":8},"end":{"line":185,"column":22}},{"start":{"line":185,"column":26},"end":{"line":185,"column":58}}],"line":185},"13":{"loc":{"start":{"line":208,"column":0},"end":{"line":210,"column":1}},"type":"if","locations":[{"start":{"line":208,"column":0},"end":{"line":210,"column":1}},{"start":{},"end":{}}],"line":208},"14":{"loc":{"start":{"line":208,"column":4},"end":{"line":208,"column":51}},"type":"binary-expr","locations":[{"start":{"line":208,"column":4},"end":{"line":208,"column":33}},{"start":{"line":208,"column":37},"end":{"line":208,"column":51}}],"line":208}},"s":{"0":25,"1":25,"2":25,"3":25,"4":25,"5":25,"6":13,"7":1,"8":12,"9":20,"10":0,"11":20,"12":20,"13":20,"14":20,"15":160,"16":160,"17":20,"18":23,"19":184,"20":25,"21":18,"22":18,"23":18,"24":18,"25":21,"26":21,"27":1,"28":22,"29":22,"30":22,"31":2,"32":2,"33":20,"34":20,"35":0,"36":0,"37":20,"38":20,"39":20,"40":20,"41":160,"42":18,"43":20,"44":20,"45":20,"46":0,"47":0,"48":1,"49":0,"50":1,"51":8,"52":8,"53":1,"54":1,"55":1,"56":2,"57":2,"58":1,"59":1,"60":1,"61":1,"62":1,"63":1,"64":8,"65":1,"66":1},"f":{"0":25,"1":13,"2":20,"3":20,"4":160,"5":23,"6":184,"7":18,"8":21,"9":22,"10":160,"11":18,"12":1,"13":8,"14":1,"15":2,"16":2,"17":1,"18":8},"b":{"0":[1],"1":[1,12],"2":[0,20],"3":[160,0,0,0],"4":[184,0,0,0],"5":[184,23],"6":[184,23],"7":[18,0,0,0],"8":[2,20],"9":[0,20],"10":[0,1],"11":[1,1],"12":[2,2],"13":[1,0],"14":[1,1]},"_coverageSchema":"1a1c01bbd47fc00a2c39e90264f33305004495a9","hash":"391072748379dcaf6ae9c4724cac1a50b9a4a0fa"}
}
