TN:
SF:modules/form-listener.js
FN:22,(anonymous_0)
FN:35,(anonymous_1)
FN:46,(anonymous_2)
FN:63,(anonymous_3)
FN:65,(anonymous_4)
FN:76,(anonymous_5)
FN:77,(anonymous_6)
FN:91,(anonymous_7)
FN:97,(anonymous_8)
FN:110,(anonymous_9)
FN:134,(anonymous_10)
FN:135,(anonymous_11)
FN:150,(anonymous_12)
FN:153,(anonymous_13)
FN:167,(anonymous_14)
FN:175,(anonymous_15)
FN:184,(anonymous_16)
FN:200,(anonymous_17)
FN:201,(anonymous_18)
FNF:19
FNH:19
FNDA:25,(anonymous_0)
FNDA:13,(anonymous_1)
FNDA:20,(anonymous_2)
FNDA:20,(anonymous_3)
FNDA:160,(anonymous_4)
FNDA:23,(anonymous_5)
FNDA:184,(anonymous_6)
FNDA:18,(anonymous_7)
FNDA:21,(anonymous_8)
FNDA:22,(anonymous_9)
FNDA:160,(anonymous_10)
FNDA:18,(anonymous_11)
FNDA:1,(anonymous_12)
FNDA:8,(anonymous_13)
FNDA:1,(anonymous_14)
FNDA:2,(anonymous_15)
FNDA:2,(anonymous_16)
FNDA:1,(anonymous_17)
FNDA:8,(anonymous_18)
DA:23,25
DA:24,25
DA:25,25
DA:26,25
DA:27,25
DA:28,25
DA:36,13
DA:37,1
DA:39,12
DA:47,20
DA:48,0
DA:52,20
DA:56,20
DA:64,20
DA:65,20
DA:66,160
DA:67,160
DA:69,20
DA:77,184
DA:91,25
DA:92,18
DA:93,18
DA:94,18
DA:97,18
DA:98,21
DA:99,21
DA:101,1
DA:111,22
DA:113,22
DA:115,22
DA:116,2
DA:117,2
DA:121,20
DA:123,20
DA:124,0
DA:125,0
DA:129,20
DA:130,20
DA:131,20
DA:134,20
DA:135,160
DA:138,20
DA:139,20
DA:140,20
DA:142,0
DA:143,0
DA:151,1
DA:153,1
DA:155,8
DA:156,8
DA:159,1
DA:160,1
DA:168,1
DA:176,2
DA:185,2
DA:186,1
DA:189,1
DA:190,1
DA:193,1
DA:194,1
DA:201,1
DA:202,8
DA:208,1
DA:209,1
LF:64
LH:59
BRDA:22,0,0,1
BRDA:36,1,0,1
BRDA:36,1,1,12
BRDA:47,2,0,0
BRDA:47,2,1,20
BRDA:66,3,0,160
BRDA:66,3,1,0
BRDA:66,3,2,0
BRDA:66,3,3,0
BRDA:79,4,0,184
BRDA:79,4,1,0
BRDA:79,4,2,0
BRDA:79,4,3,0
BRDA:80,5,0,184
BRDA:80,5,1,23
BRDA:81,6,0,184
BRDA:81,6,1,23
BRDA:92,7,0,18
BRDA:92,7,1,0
BRDA:92,7,2,0
BRDA:92,7,3,0
BRDA:115,8,0,2
BRDA:115,8,1,20
BRDA:123,9,0,0
BRDA:123,9,1,20
BRDA:151,10,0,0
BRDA:151,10,1,1
BRDA:185,11,0,1
BRDA:185,11,1,1
BRDA:185,12,0,2
BRDA:185,12,1,2
BRDA:208,13,0,1
BRDA:208,13,1,0
BRDA:208,14,0,1
BRDA:208,14,1,1
BRF:35
BRH:22
end_of_record
